BST/app/build/outputs/logs/manifest-merger-release-report.txt
-- Merging decision tree log ---
manifest
ADDED from src\main\AndroidManifest.xml:2:1-128:12
	package
		ADDED from src\main\AndroidManifest.xml:3:5-22
		INJECTED from src\main\AndroidManifest.xml
		INJECTED from src\main\AndroidManifest.xml
	android:versionName
		ADDED from src\main\AndroidManifest.xml:6:5-30
		INJECTED from src\main\AndroidManifest.xml
		INJECTED from src\main\AndroidManifest.xml
	xmlns:tools
		ADDED from src\main\AndroidManifest.xml:4:5-51
	android:versionCode
		ADDED from src\main\AndroidManifest.xml:5:5-28
		INJECTED from src\main\AndroidManifest.xml
		INJECTED from src\main\AndroidManifest.xml
	xmlns:android
		ADDED from src\main\AndroidManifest.xml:2:11-69
uses-sdk
ADDED from src\main\AndroidManifest.xml:8:5-10:41
MERGED from [com.android.support:multidex:1.0.1] AndroidManifest.xml:18:5-42
MERGED from [com.fr.android:bi-sdk:8.4.51] AndroidManifest.xml:8:5-10:41
MERGED from [com.fr.android:report-sdk:8.4.51] AndroidManifest.xml:8:5-10:41
MERGED from [com.fr.android:location:8.4.51] AndroidManifest.xml:7:5-9:41
MERGED from [com.fr.android:vpn:8.4.51] AndroidManifest.xml:7:5-9:41
MERGED from [com.fr.android:gis:8.4.51] AndroidManifest.xml:7:5-9:41
MERGED from [com.fr.android:platform:8.4.51] AndroidManifest.xml:7:5-9:41
MERGED from [com.jiechic.library:xUtils:2.6.14] AndroidManifest.xml:7:5-9:41
MERGED from [com.fr.android:push-xg:8.4.51] AndroidManifest.xml:7:5-9:41
MERGED from [com.fr.android:core:8.4.51] AndroidManifest.xml:7:5-9:41
MERGED from [com.android.support:appcompat-v7:23.0.1] AndroidManifest.xml:20:5-43
MERGED from [com.android.support:recyclerview-v7:23.4.0] AndroidManifest.xml:20:5-43
MERGED from [com.android.support:support-v4:23.4.0] AndroidManifest.xml:20:5-43
	android:targetSdkVersion
		ADDED from src\main\AndroidManifest.xml:10:9-38
		INJECTED from src\main\AndroidManifest.xml
		INJECTED from src\main\AndroidManifest.xml
	android:minSdkVersion
		ADDED from src\main\AndroidManifest.xml:9:9-35
		INJECTED from src\main\AndroidManifest.xml
		INJECTED from src\main\AndroidManifest.xml
uses-feature#0x00020000
ADDED from src\main\AndroidManifest.xml:12:5-14:35
	android:glEsVersion
		ADDED from src\main\AndroidManifest.xml:13:9-41
	android:required
		ADDED from src\main\AndroidManifest.xml:14:9-32
uses-permission#com.android.launcher.permission.READ_SETTINGS
ADDED from src\main\AndroidManifest.xml:16:5-85
MERGED from [com.fr.android:bi-sdk:8.4.51] AndroidManifest.xml:12:5-85
MERGED from [com.fr.android:gis:8.4.51] AndroidManifest.xml:11:5-85
	android:name
		ADDED from src\main\AndroidManifest.xml:16:22-82
uses-permission#android.permission.ACCESS_COARSE_LOCATION
ADDED from src\main\AndroidManifest.xml:18:5-81
MERGED from [com.fr.android:location:8.4.51] AndroidManifest.xml:12:5-81
	android:name
		ADDED from src\main\AndroidManifest.xml:18:22-78
uses-permission#android.permission.ACCESS_FINE_LOCATION
ADDED from src\main\AndroidManifest.xml:20:5-79
MERGED from [com.fr.android:location:8.4.51] AndroidManifest.xml:14:5-79
	android:name
		ADDED from src\main\AndroidManifest.xml:20:22-76
uses-permission#android.permission.ACCESS_WIFI_STATE
ADDED from src\main\AndroidManifest.xml:22:5-76
MERGED from [com.fr.android:core:8.4.51] AndroidManifest.xml:13:5-76
	android:name
		ADDED from src\main\AndroidManifest.xml:22:22-73
uses-permission#android.permission.ACCESS_NETWORK_STATE
ADDED from src\main\AndroidManifest.xml:24:5-79
MERGED from [com.fr.android:core:8.4.51] AndroidManifest.xml:22:5-79
	android:name
		ADDED from src\main\AndroidManifest.xml:24:22-76
uses-permission#android.permission.READ_PHONE_STATE
ADDED from src\main\AndroidManifest.xml:26:5-75
MERGED from [com.fr.android:core:8.4.51] AndroidManifest.xml:25:5-75
	android:name
		ADDED from src\main\AndroidManifest.xml:26:22-72
uses-permission#android.permission.WRITE_EXTERNAL_STORAGE
ADDED from src\main\AndroidManifest.xml:28:5-81
MERGED from [com.fr.android:location:8.4.51] AndroidManifest.xml:17:5-81
MERGED from [com.fr.android:core:8.4.51] AndroidManifest.xml:18:5-81
	android:name
		ADDED from src\main\AndroidManifest.xml:28:22-78
uses-permission#android.permission.INTERNET
ADDED from src\main\AndroidManifest.xml:30:5-67
MERGED from [com.fr.android:core:8.4.51] AndroidManifest.xml:12:5-67
	android:name
		ADDED from src\main\AndroidManifest.xml:30:22-64
supports-screens
ADDED from src\main\AndroidManifest.xml:32:5-37:39
	android:largeScreens
		ADDED from src\main\AndroidManifest.xml:34:9-36
	android:smallScreens
		ADDED from src\main\AndroidManifest.xml:37:9-36
	android:normalScreens
		ADDED from src\main\AndroidManifest.xml:35:9-38
	android:resizeable
		ADDED from src\main\AndroidManifest.xml:36:9-34
	android:anyDensity
		ADDED from src\main\AndroidManifest.xml:33:9-34
uses-permission#android.permission.WRITE_SETTINGS
ADDED from src\main\AndroidManifest.xml:51:5-73
MERGED from [com.fr.android:bi-sdk:8.4.51] AndroidManifest.xml:20:5-73
MERGED from [com.fr.android:gis:8.4.51] AndroidManifest.xml:12:5-73
	android:name
		ADDED from src\main\AndroidManifest.xml:51:22-70
uses-permission#android.permission.GET_TASKS
ADDED from src\main\AndroidManifest.xml:53:5-68
MERGED from [com.fr.android:gis:8.4.51] AndroidManifest.xml:14:5-68
MERGED from [com.fr.android:push-xg:8.4.51] AndroidManifest.xml:20:5-68
MERGED from [com.fr.android:core:8.4.51] AndroidManifest.xml:15:5-68
	android:name
		ADDED from src\main\AndroidManifest.xml:53:22-65
uses-permission#android.permission.CAMERA
ADDED from src\main\AndroidManifest.xml:55:5-65
MERGED from [com.fr.android:platform:8.4.51] AndroidManifest.xml:12:5-65
	android:name
		ADDED from src\main\AndroidManifest.xml:55:22-62
uses-permission#android.permission.CHANGE_CONFIGURATION
ADDED from src\main\AndroidManifest.xml:57:5-79
	android:name
		ADDED from src\main\AndroidManifest.xml:57:22-76
uses-permission#android.permission.READ_EXTERNAL_STORAGE
ADDED from src\main\AndroidManifest.xml:59:5-80
MERGED from [com.fr.android:core:8.4.51] AndroidManifest.xml:19:5-80
	android:name
		ADDED from src\main\AndroidManifest.xml:59:22-77
uses-permission#android.permission.CHANGE_WIFI_MULTICAST_STATE
ADDED from src\main\AndroidManifest.xml:60:5-86
	android:name
		ADDED from src\main\AndroidManifest.xml:60:22-83
uses-permission#android.permission.RECEIVE_BOOT_COMPLETED
ADDED from src\main\AndroidManifest.xml:61:5-81
MERGED from [com.fr.android:push-xg:8.4.51] AndroidManifest.xml:15:5-81
	android:name
		ADDED from src\main\AndroidManifest.xml:61:22-78
uses-permission#android.permission.BLUETOOTH
ADDED from src\main\AndroidManifest.xml:62:5-68
MERGED from [com.fr.android:location:8.4.51] AndroidManifest.xml:20:5-68
	android:name
		ADDED from src\main\AndroidManifest.xml:62:22-65
application
ADDED from src\main\AndroidManifest.xml:64:5-126:19
MERGED from [com.fr.android:bi-sdk:8.4.51] AndroidManifest.xml:23:5-52:19
MERGED from [com.fr.android:report-sdk:8.4.51] AndroidManifest.xml:12:5-208:19
MERGED from [com.fr.android:location:8.4.51] AndroidManifest.xml:23:5-35:19
MERGED from [com.fr.android:vpn:8.4.51] AndroidManifest.xml:13:5-36:19
MERGED from [com.fr.android:gis:8.4.51] AndroidManifest.xml:16:5-28:19
MERGED from [com.fr.android:platform:8.4.51] AndroidManifest.xml:17:5-165:19
MERGED from [com.jiechic.library:xUtils:2.6.14] AndroidManifest.xml:11:5-20
MERGED from [com.fr.android:push-xg:8.4.51] AndroidManifest.xml:23:5-114:19
MERGED from [com.fr.android:core:8.4.51] AndroidManifest.xml:27:5-31:19
MERGED from [com.android.support:appcompat-v7:23.0.1] AndroidManifest.xml:22:5-20
MERGED from [com.android.support:support-v4:23.4.0] AndroidManifest.xml:22:5-20
	android:label
		ADDED from src\main\AndroidManifest.xml:69:9-41
		REJECTED from [com.fr.android:bi-sdk:8.4.51] AndroidManifest.xml:26:9-44
		REJECTED from [com.fr.android:report-sdk:8.4.51] AndroidManifest.xml:14:9-44
		REJECTED from [com.fr.android:location:8.4.51] AndroidManifest.xml:25:9-44
		REJECTED from [com.fr.android:vpn:8.4.51] AndroidManifest.xml:15:9-44
		REJECTED from [com.fr.android:gis:8.4.51] AndroidManifest.xml:18:9-44
		REJECTED from [com.fr.android:platform:8.4.51] AndroidManifest.xml:19:9-44
		REJECTED from [com.fr.android:push-xg:8.4.51] AndroidManifest.xml:25:9-44
		REJECTED from [com.fr.android:core:8.4.51] AndroidManifest.xml:29:9-44
	android:supportsRtl
		ADDED from src\main\AndroidManifest.xml:70:9-35
	android:hardwareAccelerated
		ADDED from [com.fr.android:bi-sdk:8.4.51] AndroidManifest.xml:24:9-44
	android:allowBackup
		ADDED from src\main\AndroidManifest.xml:67:9-35
		REJECTED from [com.fr.android:report-sdk:8.4.51] AndroidManifest.xml:13:9-36
		REJECTED from [com.fr.android:location:8.4.51] AndroidManifest.xml:24:9-36
		REJECTED from [com.fr.android:vpn:8.4.51] AndroidManifest.xml:14:9-36
		REJECTED from [com.fr.android:gis:8.4.51] AndroidManifest.xml:17:9-36
		REJECTED from [com.fr.android:platform:8.4.51] AndroidManifest.xml:18:9-36
		REJECTED from [com.fr.android:push-xg:8.4.51] AndroidManifest.xml:24:9-36
		REJECTED from [com.fr.android:core:8.4.51] AndroidManifest.xml:28:9-36
	android:icon
		ADDED from src\main\AndroidManifest.xml:68:9-38
		REJECTED from [com.fr.android:bi-sdk:8.4.51] AndroidManifest.xml:25:9-45
	android:largeHeap
		ADDED from [com.fr.android:bi-sdk:8.4.51] AndroidManifest.xml:27:9-33
	android:theme
		ADDED from src\main\AndroidManifest.xml:71:9-40
		REJECTED from [com.fr.android:bi-sdk:8.4.51] AndroidManifest.xml:28:9-52
	tools:replace
		ADDED from src\main\AndroidManifest.xml:65:9-102
	android:name
		ADDED from src\main\AndroidManifest.xml:66:9-35
meta-data#com.baidu.lbsapi.API_KEY
ADDED from src\main\AndroidManifest.xml:72:9-74:64
MERGED from [com.fr.android:report-sdk:8.4.51] AndroidManifest.xml:135:9-137:56
	android:value
		ADDED from src\main\AndroidManifest.xml:74:13-61
		REJECTED from [com.fr.android:report-sdk:8.4.51] AndroidManifest.xml:137:13-53
	tools:replace
		ADDED from src\main\AndroidManifest.xml:72:20-49
	android:name
		ADDED from src\main\AndroidManifest.xml:73:13-52
service#com.baidu.location.f
ADDED from src\main\AndroidManifest.xml:76:9-80:19
	android:enabled
		ADDED from src\main\AndroidManifest.xml:78:13-35
	android:process
		ADDED from src\main\AndroidManifest.xml:79:13-38
	android:name
		ADDED from src\main\AndroidManifest.xml:77:13-48
activity#com.bst.ui.LoginActivity
ADDED from src\main\AndroidManifest.xml:82:9-91:20
	android:screenOrientation
		ADDED from src\main\AndroidManifest.xml:85:13-49
	android:label
		ADDED from src\main\AndroidManifest.xml:84:13-45
	android:name
		ADDED from src\main\AndroidManifest.xml:83:13-45
intent-filter#android.intent.action.MAIN+android.intent.category.LAUNCHER
ADDED from src\main\AndroidManifest.xml:86:13-90:29
action#android.intent.action.MAIN
ADDED from src\main\AndroidManifest.xml:87:17-69
	android:name
		ADDED from src\main\AndroidManifest.xml:87:25-66
category#android.intent.category.LAUNCHER
ADDED from src\main\AndroidManifest.xml:89:17-77
	android:name
		ADDED from src\main\AndroidManifest.xml:89:27-74
activity#com.bst.ui.PersonalCentorActivity
ADDED from src\main\AndroidManifest.xml:92:9-95:20
	android:screenOrientation
		ADDED from src\main\AndroidManifest.xml:94:13-49
	android:name
		ADDED from src\main\AndroidManifest.xml:93:13-54
activity#com.bst.ui.MainActivity
ADDED from src\main\AndroidManifest.xml:96:9-99:20
	android:screenOrientation
		ADDED from src\main\AndroidManifest.xml:98:13-49
	android:name
		ADDED from src\main\AndroidManifest.xml:97:13-44
activity#com.bst.ui.PersonAttendanceActivity
ADDED from src\main\AndroidManifest.xml:100:9-103:20
	android:screenOrientation
		ADDED from src\main\AndroidManifest.xml:102:13-49
	android:name
		ADDED from src\main\AndroidManifest.xml:101:13-56
activity#com.bst.ui.AttendanceActivity
ADDED from src\main\AndroidManifest.xml:104:9-107:20
	android:screenOrientation
		ADDED from src\main\AndroidManifest.xml:106:13-49
	android:name
		ADDED from src\main\AndroidManifest.xml:105:13-50
activity#com.bst.ui.AttendanceInfoActivity
ADDED from src\main\AndroidManifest.xml:108:9-111:20
	android:screenOrientation
		ADDED from src\main\AndroidManifest.xml:110:13-49
	android:name
		ADDED from src\main\AndroidManifest.xml:109:13-54
activity#com.bst.ui.AttAddFaceActivity
ADDED from src\main\AndroidManifest.xml:112:9-115:20
	android:screenOrientation
		ADDED from src\main\AndroidManifest.xml:114:13-49
	android:name
		ADDED from src\main\AndroidManifest.xml:113:13-50
activity#com.bst.ui.SelectAttdanceActivity
ADDED from src\main\AndroidManifest.xml:116:9-119:20
	android:screenOrientation
		ADDED from src\main\AndroidManifest.xml:118:13-49
	android:name
		ADDED from src\main\AndroidManifest.xml:117:13-54
activity#com.bst.ui.ActivityPanel
ADDED from src\main\AndroidManifest.xml:121:9-124:20
	android:screenOrientation
		ADDED from src\main\AndroidManifest.xml:123:13-49
	android:name
		ADDED from src\main\AndroidManifest.xml:122:13-45
uses-permission#android.permission.MOUNT_UNMOUNT_FILESYSTEMS
ADDED from [com.fr.android:bi-sdk:8.4.51] AndroidManifest.xml:13:5-84
	android:name
		ADDED from [com.fr.android:bi-sdk:8.4.51] AndroidManifest.xml:13:22-81
uses-permission#android.permission.VIBRATE
ADDED from [com.fr.android:bi-sdk:8.4.51] AndroidManifest.xml:14:5-66
	android:name
		ADDED from [com.fr.android:bi-sdk:8.4.51] AndroidManifest.xml:14:22-63
uses-permission#android.permission.GET_ACCOUNTS
ADDED from [com.fr.android:bi-sdk:8.4.51] AndroidManifest.xml:15:5-71
	android:name
		ADDED from [com.fr.android:bi-sdk:8.4.51] AndroidManifest.xml:15:22-68
uses-permission#android.permission.USE_CREDENTIALS
ADDED from [com.fr.android:bi-sdk:8.4.51] AndroidManifest.xml:16:5-74
	android:name
		ADDED from [com.fr.android:bi-sdk:8.4.51] AndroidManifest.xml:16:22-71
uses-permission#android.permission.MANAGE_ACCOUNTS
ADDED from [com.fr.android:bi-sdk:8.4.51] AndroidManifest.xml:17:5-74
	android:name
		ADDED from [com.fr.android:bi-sdk:8.4.51] AndroidManifest.xml:17:22-71
uses-permission#android.permission.AUTHENTICATE_ACCOUNTS
ADDED from [com.fr.android:bi-sdk:8.4.51] AndroidManifest.xml:18:5-80
	android:name
		ADDED from [com.fr.android:bi-sdk:8.4.51] AndroidManifest.xml:18:22-77
uses-permission#android.permission.BROADCAST_STICKY
ADDED from [com.fr.android:bi-sdk:8.4.51] AndroidManifest.xml:19:5-75
	android:name
		ADDED from [com.fr.android:bi-sdk:8.4.51] AndroidManifest.xml:19:22-72
uses-permission#android.permission.RECORD_AUDIO
ADDED from [com.fr.android:bi-sdk:8.4.51] AndroidManifest.xml:21:5-71
	android:name
		ADDED from [com.fr.android:bi-sdk:8.4.51] AndroidManifest.xml:21:22-68
activity#com.fr.android.bi.form.IFZoomActivity4BI
ADDED from [com.fr.android:bi-sdk:8.4.51] AndroidManifest.xml:29:9-32:71
	android:configChanges
		ADDED from [com.fr.android:bi-sdk:8.4.51] AndroidManifest.xml:31:13-74
	android:theme
		ADDED from [com.fr.android:bi-sdk:8.4.51] AndroidManifest.xml:32:13-68
	android:name
		ADDED from [com.fr.android:bi-sdk:8.4.51] AndroidManifest.xml:30:13-68
activity#com.fr.android.bi.form.IFFormActivity4BI
ADDED from [com.fr.android:bi-sdk:8.4.51] AndroidManifest.xml:33:9-44:20
	android:exported
		ADDED from [com.fr.android:bi-sdk:8.4.51] AndroidManifest.xml:36:13-37
	android:windowSoftInputMode
		ADDED from [com.fr.android:bi-sdk:8.4.51] AndroidManifest.xml:38:13-64
	android:configChanges
		ADDED from [com.fr.android:bi-sdk:8.4.51] AndroidManifest.xml:35:13-74
	android:theme
		ADDED from [com.fr.android:bi-sdk:8.4.51] AndroidManifest.xml:37:13-56
	android:name
		ADDED from [com.fr.android:bi-sdk:8.4.51] AndroidManifest.xml:34:13-68
intent-filter#android.intent.category.DEFAULT+com.fr.android.intent.form.bi
ADDED from [com.fr.android:bi-sdk:8.4.51] AndroidManifest.xml:39:13-43:29
action#com.fr.android.intent.form.bi
ADDED from [com.fr.android:bi-sdk:8.4.51] AndroidManifest.xml:40:17-72
	android:name
		ADDED from [com.fr.android:bi-sdk:8.4.51] AndroidManifest.xml:40:25-69
category#android.intent.category.DEFAULT
ADDED from [com.fr.android:bi-sdk:8.4.51] AndroidManifest.xml:42:17-76
	android:name
		ADDED from [com.fr.android:bi-sdk:8.4.51] AndroidManifest.xml:42:27-73
activity#com.fr.android.bi.widget.BIViewImageActivity
ADDED from [com.fr.android:bi-sdk:8.4.51] AndroidManifest.xml:45:9-47:59
	android:theme
		ADDED from [com.fr.android:bi-sdk:8.4.51] AndroidManifest.xml:47:13-56
	android:name
		ADDED from [com.fr.android:bi-sdk:8.4.51] AndroidManifest.xml:46:13-72
activity#com.fr.android.bi.contents.IFBISortActivity
ADDED from [com.fr.android:bi-sdk:8.4.51] AndroidManifest.xml:48:9-51:71
	android:screenOrientation
		ADDED from [com.fr.android:bi-sdk:8.4.51] AndroidManifest.xml:50:13-47
	android:theme
		ADDED from [com.fr.android:bi-sdk:8.4.51] AndroidManifest.xml:51:13-68
	android:name
		ADDED from [com.fr.android:bi-sdk:8.4.51] AndroidManifest.xml:49:13-71
activity#com.fr.android.report.IFReportActivity
ADDED from [com.fr.android:report-sdk:8.4.51] AndroidManifest.xml:16:9-28:20
	android:hardwareAccelerated
		ADDED from [com.fr.android:report-sdk:8.4.51] AndroidManifest.xml:20:13-47
	android:exported
		ADDED from [com.fr.android:report-sdk:8.4.51] AndroidManifest.xml:19:13-37
	android:windowSoftInputMode
		ADDED from [com.fr.android:report-sdk:8.4.51] AndroidManifest.xml:22:13-67
	android:configChanges
		ADDED from [com.fr.android:report-sdk:8.4.51] AndroidManifest.xml:18:13-74
	android:theme
		ADDED from [com.fr.android:report-sdk:8.4.51] AndroidManifest.xml:21:13-68
	android:name
		ADDED from [com.fr.android:report-sdk:8.4.51] AndroidManifest.xml:17:13-66
intent-filter#android.intent.category.DEFAULT+com.fr.android.intent.form.cpt
ADDED from [com.fr.android:report-sdk:8.4.51] AndroidManifest.xml:23:13-27:29
action#com.fr.android.intent.form.cpt
ADDED from [com.fr.android:report-sdk:8.4.51] AndroidManifest.xml:24:17-73
	android:name
		ADDED from [com.fr.android:report-sdk:8.4.51] AndroidManifest.xml:24:25-70
activity#com.fr.android.report.IFReportActivityWithPath
ADDED from [com.fr.android:report-sdk:8.4.51] AndroidManifest.xml:29:9-41:20
	android:hardwareAccelerated
		ADDED from [com.fr.android:report-sdk:8.4.51] AndroidManifest.xml:33:13-47
	android:exported
		ADDED from [com.fr.android:report-sdk:8.4.51] AndroidManifest.xml:32:13-37
	android:windowSoftInputMode
		ADDED from [com.fr.android:report-sdk:8.4.51] AndroidManifest.xml:35:13-67
	android:configChanges
		ADDED from [com.fr.android:report-sdk:8.4.51] AndroidManifest.xml:31:13-74
	android:theme
		ADDED from [com.fr.android:report-sdk:8.4.51] AndroidManifest.xml:34:13-68
	android:name
		ADDED from [com.fr.android:report-sdk:8.4.51] AndroidManifest.xml:30:13-74
intent-filter#android.intent.category.DEFAULT+com.fr.android.intent.form.cpt_path
ADDED from [com.fr.android:report-sdk:8.4.51] AndroidManifest.xml:36:13-40:29
action#com.fr.android.intent.form.cpt_path
ADDED from [com.fr.android:report-sdk:8.4.51] AndroidManifest.xml:37:17-78
	android:name
		ADDED from [com.fr.android:report-sdk:8.4.51] AndroidManifest.xml:37:25-75
activity#com.fr.android.form.IFFormActivityWithPath
ADDED from [com.fr.android:report-sdk:8.4.51] AndroidManifest.xml:42:9-54:20
	android:hardwareAccelerated
		ADDED from [com.fr.android:report-sdk:8.4.51] AndroidManifest.xml:46:13-47
	android:exported
		ADDED from [com.fr.android:report-sdk:8.4.51] AndroidManifest.xml:45:13-37
	android:windowSoftInputMode
		ADDED from [com.fr.android:report-sdk:8.4.51] AndroidManifest.xml:48:13-67
	android:configChanges
		ADDED from [com.fr.android:report-sdk:8.4.51] AndroidManifest.xml:44:13-74
	android:theme
		ADDED from [com.fr.android:report-sdk:8.4.51] AndroidManifest.xml:47:13-68
	android:name
		ADDED from [com.fr.android:report-sdk:8.4.51] AndroidManifest.xml:43:13-70
intent-filter#android.intent.category.DEFAULT+com.fr.android.intent.form.frm_path
ADDED from [com.fr.android:report-sdk:8.4.51] AndroidManifest.xml:49:13-53:29
action#com.fr.android.intent.form.frm_path
ADDED from [com.fr.android:report-sdk:8.4.51] AndroidManifest.xml:50:17-78
	android:name
		ADDED from [com.fr.android:report-sdk:8.4.51] AndroidManifest.xml:50:25-75
activity#com.fr.android.report.IFWebViewActivity
ADDED from [com.fr.android:report-sdk:8.4.51] AndroidManifest.xml:55:9-65:20
	android:exported
		ADDED from [com.fr.android:report-sdk:8.4.51] AndroidManifest.xml:58:13-37
	android:configChanges
		ADDED from [com.fr.android:report-sdk:8.4.51] AndroidManifest.xml:57:13-74
	android:theme
		ADDED from [com.fr.android:report-sdk:8.4.51] AndroidManifest.xml:59:13-56
	android:name
		ADDED from [com.fr.android:report-sdk:8.4.51] AndroidManifest.xml:56:13-67
intent-filter#android.intent.category.DEFAULT+com.fr.android.intent.form.webview
ADDED from [com.fr.android:report-sdk:8.4.51] AndroidManifest.xml:60:13-64:29
action#com.fr.android.intent.form.webview
ADDED from [com.fr.android:report-sdk:8.4.51] AndroidManifest.xml:61:17-77
	android:name
		ADDED from [com.fr.android:report-sdk:8.4.51] AndroidManifest.xml:61:25-74
activity#com.fr.android.report.IFGalleryActivity
ADDED from [com.fr.android:report-sdk:8.4.51] AndroidManifest.xml:66:9-69:71
	android:screenOrientation
		ADDED from [com.fr.android:report-sdk:8.4.51] AndroidManifest.xml:68:13-55
	android:theme
		ADDED from [com.fr.android:report-sdk:8.4.51] AndroidManifest.xml:69:13-68
	android:name
		ADDED from [com.fr.android:report-sdk:8.4.51] AndroidManifest.xml:67:13-67
activity#com.fr.android.report.IFGalleryActivityHorizontal
ADDED from [com.fr.android:report-sdk:8.4.51] AndroidManifest.xml:70:9-73:71
	android:screenOrientation
		ADDED from [com.fr.android:report-sdk:8.4.51] AndroidManifest.xml:72:13-56
	android:theme
		ADDED from [com.fr.android:report-sdk:8.4.51] AndroidManifest.xml:73:13-68
	android:name
		ADDED from [com.fr.android:report-sdk:8.4.51] AndroidManifest.xml:71:13-77
activity#com.fr.android.parameter.ui.widget.core.IFTextScanActivity
ADDED from [com.fr.android:report-sdk:8.4.51] AndroidManifest.xml:76:9-80:59
	android:screenOrientation
		ADDED from [com.fr.android:report-sdk:8.4.51] AndroidManifest.xml:79:13-55
	android:configChanges
		ADDED from [com.fr.android:report-sdk:8.4.51] AndroidManifest.xml:78:13-63
	android:theme
		ADDED from [com.fr.android:report-sdk:8.4.51] AndroidManifest.xml:80:13-56
	android:name
		ADDED from [com.fr.android:report-sdk:8.4.51] AndroidManifest.xml:77:13-86
activity#com.fr.android.parameter.ui.widget.core.IFTextScanHorizontalActivity
ADDED from [com.fr.android:report-sdk:8.4.51] AndroidManifest.xml:81:9-85:59
	android:screenOrientation
		ADDED from [com.fr.android:report-sdk:8.4.51] AndroidManifest.xml:84:13-56
	android:configChanges
		ADDED from [com.fr.android:report-sdk:8.4.51] AndroidManifest.xml:83:13-63
	android:theme
		ADDED from [com.fr.android:report-sdk:8.4.51] AndroidManifest.xml:85:13-56
	android:name
		ADDED from [com.fr.android:report-sdk:8.4.51] AndroidManifest.xml:82:13-96
activity#com.fr.android.form.IFZoomActivity
ADDED from [com.fr.android:report-sdk:8.4.51] AndroidManifest.xml:86:9-89:71
	android:configChanges
		ADDED from [com.fr.android:report-sdk:8.4.51] AndroidManifest.xml:88:13-74
	android:theme
		ADDED from [com.fr.android:report-sdk:8.4.51] AndroidManifest.xml:89:13-68
	android:name
		ADDED from [com.fr.android:report-sdk:8.4.51] AndroidManifest.xml:87:13-62
activity#com.fr.android.form.IFZoomTipActivity
ADDED from [com.fr.android:report-sdk:8.4.51] AndroidManifest.xml:90:9-92:71
	android:theme
		ADDED from [com.fr.android:report-sdk:8.4.51] AndroidManifest.xml:92:13-68
	android:name
		ADDED from [com.fr.android:report-sdk:8.4.51] AndroidManifest.xml:91:13-65
activity#com.fr.android.platform.login.IFLoginZY
ADDED from [com.fr.android:report-sdk:8.4.51] AndroidManifest.xml:93:9-96:20
	android:theme
		ADDED from [com.fr.android:report-sdk:8.4.51] AndroidManifest.xml:95:13-56
	android:name
		ADDED from [com.fr.android:report-sdk:8.4.51] AndroidManifest.xml:94:13-67
activity#com.fr.android.form.IFFormActivity
ADDED from [com.fr.android:report-sdk:8.4.51] AndroidManifest.xml:97:9-109:20
	android:hardwareAccelerated
		ADDED from [com.fr.android:report-sdk:8.4.51] AndroidManifest.xml:101:13-47
	android:exported
		ADDED from [com.fr.android:report-sdk:8.4.51] AndroidManifest.xml:100:13-37
	android:windowSoftInputMode
		ADDED from [com.fr.android:report-sdk:8.4.51] AndroidManifest.xml:103:13-67
	android:configChanges
		ADDED from [com.fr.android:report-sdk:8.4.51] AndroidManifest.xml:99:13-74
	android:theme
		ADDED from [com.fr.android:report-sdk:8.4.51] AndroidManifest.xml:102:13-68
	android:name
		ADDED from [com.fr.android:report-sdk:8.4.51] AndroidManifest.xml:98:13-62
intent-filter#android.intent.category.DEFAULT+com.fr.android.intent.form.frm
ADDED from [com.fr.android:report-sdk:8.4.51] AndroidManifest.xml:104:13-108:29
action#com.fr.android.intent.form.frm
ADDED from [com.fr.android:report-sdk:8.4.51] AndroidManifest.xml:105:17-73
	android:name
		ADDED from [com.fr.android:report-sdk:8.4.51] AndroidManifest.xml:105:25-70
activity#com.fr.android.ui.imageupload.IFImageSelectActivity
ADDED from [com.fr.android:report-sdk:8.4.51] AndroidManifest.xml:110:9-112:46
	android:theme
		ADDED from [com.fr.android:report-sdk:8.4.51] AndroidManifest.xml:112:13-43
	android:name
		ADDED from [com.fr.android:report-sdk:8.4.51] AndroidManifest.xml:111:13-79
activity#com.fr.android.ui.imageupload.IFImageSelectActivity4Pad
ADDED from [com.fr.android:report-sdk:8.4.51] AndroidManifest.xml:113:9-115:59
	android:screenOrientation
		ADDED from [com.fr.android:report-sdk:8.4.51] AndroidManifest.xml:115:13-56
	android:name
		ADDED from [com.fr.android:report-sdk:8.4.51] AndroidManifest.xml:114:13-83
activity#com.fr.android.ui.imageupload.IFSelectChooseActivity
ADDED from [com.fr.android:report-sdk:8.4.51] AndroidManifest.xml:116:9-119:71
	android:configChanges
		ADDED from [com.fr.android:report-sdk:8.4.51] AndroidManifest.xml:118:13-63
	android:theme
		ADDED from [com.fr.android:report-sdk:8.4.51] AndroidManifest.xml:119:13-68
	android:name
		ADDED from [com.fr.android:report-sdk:8.4.51] AndroidManifest.xml:117:13-80
activity#com.fr.android.ui.imageupload.IFSelectChooseActivity4Pad
ADDED from [com.fr.android:report-sdk:8.4.51] AndroidManifest.xml:120:9-122:59
	android:screenOrientation
		ADDED from [com.fr.android:report-sdk:8.4.51] AndroidManifest.xml:122:13-56
	android:name
		ADDED from [com.fr.android:report-sdk:8.4.51] AndroidManifest.xml:121:13-84
activity#com.fr.android.activity.LoadAppFromURLActivity
ADDED from [com.fr.android:report-sdk:8.4.51] AndroidManifest.xml:123:9-125:39
	android:exported
		ADDED from [com.fr.android:report-sdk:8.4.51] AndroidManifest.xml:125:13-36
	android:name
		ADDED from [com.fr.android:report-sdk:8.4.51] AndroidManifest.xml:124:13-74
activity#com.fr.android.activity.LoadAppFromWelcomeActivity
ADDED from [com.fr.android:report-sdk:8.4.51] AndroidManifest.xml:126:9-129:59
	android:exported
		ADDED from [com.fr.android:report-sdk:8.4.51] AndroidManifest.xml:128:13-36
	android:theme
		ADDED from [com.fr.android:report-sdk:8.4.51] AndroidManifest.xml:129:13-56
	android:name
		ADDED from [com.fr.android:report-sdk:8.4.51] AndroidManifest.xml:127:13-78
receiver#com.fr.android.app.push.IFBaiduReceiver
ADDED from [com.fr.android:report-sdk:8.4.51] AndroidManifest.xml:139:9-149:20
	android:name
		ADDED from [com.fr.android:report-sdk:8.4.51] AndroidManifest.xml:139:19-73
intent-filter#com.baidu.android.pushservice.action.MESSAGE+com.baidu.android.pushservice.action.RECEIVE+com.baidu.android.pushservice.action.notification.CLICK
ADDED from [com.fr.android:report-sdk:8.4.51] AndroidManifest.xml:140:13-148:29
action#com.baidu.android.pushservice.action.MESSAGE
ADDED from [com.fr.android:report-sdk:8.4.51] AndroidManifest.xml:143:17-87
	android:name
		ADDED from [com.fr.android:report-sdk:8.4.51] AndroidManifest.xml:143:25-84
action#com.baidu.android.pushservice.action.RECEIVE
ADDED from [com.fr.android:report-sdk:8.4.51] AndroidManifest.xml:145:17-87
	android:name
		ADDED from [com.fr.android:report-sdk:8.4.51] AndroidManifest.xml:145:25-84
action#com.baidu.android.pushservice.action.notification.CLICK
ADDED from [com.fr.android:report-sdk:8.4.51] AndroidManifest.xml:147:17-98
	android:name
		ADDED from [com.fr.android:report-sdk:8.4.51] AndroidManifest.xml:147:25-95
receiver#com.baidu.android.pushservice.PushServiceReceiver
ADDED from [com.fr.android:report-sdk:8.4.51] AndroidManifest.xml:152:9-166:20
	android:process
		ADDED from [com.fr.android:report-sdk:8.4.51] AndroidManifest.xml:154:13-44
	android:name
		ADDED from [com.fr.android:report-sdk:8.4.51] AndroidManifest.xml:153:13-77
intent-filter#android.intent.action.ACTION_POWER_CONNECTED+android.intent.action.ACTION_POWER_DISCONNECTED+android.intent.action.BOOT_COMPLETED+android.intent.action.MEDIA_MOUNTED+android.intent.action.USER_PRESENT+android.net.conn.CONNECTIVITY_CHANGE+com.baidu.android.pushservice.action.media.CLICK+com.baidu.android.pushservice.action.notification.SHOW
ADDED from [com.fr.android:report-sdk:8.4.51] AndroidManifest.xml:155:13-165:29
action#android.intent.action.BOOT_COMPLETED
ADDED from [com.fr.android:report-sdk:8.4.51] AndroidManifest.xml:156:17-79
	android:name
		ADDED from [com.fr.android:report-sdk:8.4.51] AndroidManifest.xml:156:25-76
action#android.net.conn.CONNECTIVITY_CHANGE
ADDED from [com.fr.android:report-sdk:8.4.51] AndroidManifest.xml:157:17-79
	android:name
		ADDED from [com.fr.android:report-sdk:8.4.51] AndroidManifest.xml:157:25-76
action#com.baidu.android.pushservice.action.notification.SHOW
ADDED from [com.fr.android:report-sdk:8.4.51] AndroidManifest.xml:158:17-97
	android:name
		ADDED from [com.fr.android:report-sdk:8.4.51] AndroidManifest.xml:158:25-94
action#com.baidu.android.pushservice.action.media.CLICK
ADDED from [com.fr.android:report-sdk:8.4.51] AndroidManifest.xml:159:17-91
	android:name
		ADDED from [com.fr.android:report-sdk:8.4.51] AndroidManifest.xml:159:25-88
action#android.intent.action.MEDIA_MOUNTED
ADDED from [com.fr.android:report-sdk:8.4.51] AndroidManifest.xml:161:17-78
	android:name